<?xml version="1.0" encoding="UTF-8"?>
<!-- Generated by org.testng.reporters.JUnitReportReporter -->
<testsuite hostname="DESKTOP-I3BGM4H" failures="0" tests="1" name="TestNG.TestNGAssertionDemo" time="0.015" errors="0" timestamp="2024-03-24T14:18:36 IST" skipped="0">
  <testcase classname="TestNG.TestNGAssertionDemo" name="testAssertions" time="0.015"/>
  <system-out/>
</testsuite> <!-- TestNG.TestNGAssertionDemo -->
