<?xml version="1.0" encoding="UTF-8"?>
<!-- Generated by org.testng.reporters.JUnitReportReporter -->
<testsuite hostname="DESKTOP-I3BGM4H" failures="0" tests="1" name="TestNG.TestNGTest" time="7.284" errors="0" timestamp="2024-04-21T23:40:28 IST" skipped="0">
  <testcase classname="TestNG.TestNGTest" name="Test" time="7.284"/>
  <system-out/>
</testsuite> <!-- TestNG.TestNGTest -->
