<?xml version="1.0" encoding="UTF-8"?>
<!-- Generated by org.testng.reporters.JUnitReportReporter -->
<testsuite hostname="DESKTOP-I3BGM4H" failures="0" tests="2" name="TestNG.TN6_SkipTestCase" time="0.019" errors="0" timestamp="2024-04-22T00:57:48 IST" skipped="0">
  <testcase classname="TestNG.TN6_SkipTestCase" name="aSkipTest" time="0.017"/>
  <system-out/>
  <testcase classname="TestNG.TN6_SkipTestCase" name="nonSkipTest" time="0.002"/>
  <system-out/>
</testsuite> <!-- TestNG.TN6_SkipTestCase -->
