<?xml version="1.0" encoding="UTF-8"?>
<!-- Generated by org.testng.reporters.JUnitReportReporter -->
<testsuite hostname="DESKTOP-I3BGM4H" failures="0" tests="5" name="TestNG.TN8_TestNGPriorityAnnotationss" time="0.101" errors="0" timestamp="2024-04-22T01:04:34 IST" skipped="0">
  <testcase classname="TestNG.TN8_TestNGPriorityAnnotationss" name="c_method" time="0.071"/>
  <system-out/>
  <testcase classname="TestNG.TN8_TestNGPriorityAnnotationss" name="a_method" time="0.018"/>
  <system-out/>
  <testcase classname="TestNG.TN8_TestNGPriorityAnnotationss" name="d_method" time="0.005"/>
  <system-out/>
  <testcase classname="TestNG.TN8_TestNGPriorityAnnotationss" name="b_method" time="0.004"/>
  <system-out/>
  <testcase classname="TestNG.TN8_TestNGPriorityAnnotationss" name="e_method" time="0.003"/>
  <system-out/>
</testsuite> <!-- TestNG.TN8_TestNGPriorityAnnotationss -->
