<?xml version="1.0" encoding="UTF-8"?>
<!-- Generated by org.testng.reporters.JUnitReportReporter -->
<testsuite hostname="DESKTOP-I3BGM4H" failures="0" tests="2" name="TestNG.TN5_Ignore" time="0.035" errors="0" timestamp="2024-04-22T00:55:16 IST" skipped="1">
  <testcase classname="TestNG.TN5_Ignore" name="printClass3" time="0.035"/>
  <system-out/>
  <testcase classname="TestNG.TN5_Ignore" name="printClass2">
    <skipped/>
  </testcase> <!-- printClass2 -->
  <system-out/>
</testsuite> <!-- TestNG.TN5_Ignore -->
