<?xml version="1.0" encoding="UTF-8"?>
<!-- Generated by org.testng.reporters.JUnitReportReporter -->
<testsuite hostname="DESKTOP-I3BGM4H" failures="0" tests="1" name="TestNG.TT1_TestNGTest" time="6.778" errors="0" timestamp="2024-04-22T00:18:58 IST" skipped="0">
  <testcase classname="TestNG.TT1_TestNGTest" name="Test" time="6.778"/>
  <system-out/>
</testsuite> <!-- TestNG.TT1_TestNGTest -->
