<?xml version="1.0" encoding="UTF-8"?>
<!-- Generated by org.testng.reporters.JUnitReportReporter -->
<testsuite hostname="DESKTOP-I3BGM4H" failures="0" tests="1" name="TestNG.TN7_TestNGException" time="0.012" errors="0" timestamp="2024-04-22T01:01:27 IST" skipped="0">
  <testcase classname="TestNG.TN7_TestNGException" name="testException" time="0.012"/>
  <system-out/>
</testsuite> <!-- TestNG.TN7_TestNGException -->
