<?xml version="1.0" encoding="UTF-8"?>
<!-- Generated by org.testng.reporters.JUnitReportReporter -->
<testsuite hostname="DESKTOP-I3BGM4H" failures="0" tests="2" name="TestNG.TNM10_DataProviderClass" time="0.022" errors="0" timestamp="2024-04-22T01:11:22 IST" skipped="0">
  <testcase classname="TestNG.TNM10_DataProviderClass" name="loginTest" time="0.017"/>
  <system-out/>
  <testcase classname="TestNG.TNM10_DataProviderClass" name="loginTest" time="0.005"/>
  <system-out/>
</testsuite> <!-- TestNG.TNM10_DataProviderClass -->
