<?xml version="1.0" encoding="UTF-8"?>
<!-- Generated by org.testng.reporters.JUnitReportReporter -->
<testsuite hostname="DESKTOP-I3BGM4H" failures="0" tests="1" name="TestNG.TT2_TestNGAnnotations$TestNG" time="0.005" errors="0" timestamp="2024-04-22T00:18:58 IST" skipped="0">
  <testcase classname="TestNG.TT2_TestNGAnnotations$TestNG" name="testCase1" time="0.005"/>
  <system-out/>
</testsuite> <!-- TestNG.TT2_TestNGAnnotations$TestNG -->
