<?xml version="1.0" encoding="UTF-8"?>
<!-- Generated by org.testng.reporters.JUnitReportReporter -->
<testsuite hostname="DESKTOP-I3BGM4H" failures="0" tests="3" name="TestNG.TT4_TestNGdependsOnMethods" time="0.016" errors="0" timestamp="2024-04-22T00:45:13 IST" skipped="0">
  <testcase classname="TestNG.TT4_TestNGdependsOnMethods" name="LogOut" time="0.002"/>
  <system-out/>
  <testcase classname="TestNG.TT4_TestNGdependsOnMethods" name="OpenBrowser" time="0.012"/>
  <system-out/>
  <testcase classname="TestNG.TT4_TestNGdependsOnMethods" name="SignIn" time="0.002"/>
  <system-out/>
</testsuite> <!-- TestNG.TT4_TestNGdependsOnMethods -->
