<?xml version="1.0" encoding="UTF-8"?>
<!-- Generated by org.testng.reporters.JUnitReportReporter -->
<testsuite hostname="DESKTOP-I3BGM4H" failures="0" tests="2" name="TestNG.AnnotationsExample" time="0.011" errors="0" timestamp="2024-03-24T14:14:55 IST" skipped="0">
  <testcase classname="TestNG.AnnotationsExample" name="loginTest" time="0.009"/>
  <system-out/>
  <testcase classname="TestNG.AnnotationsExample" name="logout" time="0.002"/>
  <system-out/>
</testsuite> <!-- TestNG.AnnotationsExample -->
