<?xml version="1.0" encoding="UTF-8"?>
<!-- Generated by org.testng.reporters.JUnitReportReporter -->
<testsuite hostname="DESKTOP-I3BGM4H" failures="0" tests="2" name="TestNG.TT3_TestNgGroups1" time="0.006" errors="0" timestamp="2024-04-22T00:30:17 IST" skipped="0">
  <testcase classname="TestNG.TT3_TestNgGroups1" name="WebLoginHomeLoan" time="0.004"/>
  <system-out/>
  <testcase classname="TestNG.TT3_TestNgGroups1" name="APILoginHomeLoan" time="0.002"/>
  <system-out/>
</testsuite> <!-- TestNG.TT3_TestNgGroups1 -->
