<?xml version="1.0" encoding="UTF-8"?>
<!-- Generated by org.testng.reporters.JUnitReportReporter -->
<testsuite hostname="DESKTOP-I3BGM4H" failures="0" tests="1" name="TestNG.TT3_TestNgGroups2" time="0.014" errors="0" timestamp="2024-04-22T00:30:17 IST" skipped="0">
  <testcase classname="TestNG.TT3_TestNgGroups2" name="MobileLoginPersonalLoan" time="0.014"/>
  <system-out/>
</testsuite> <!-- TestNG.TT3_TestNgGroups2 -->
