<?xml version="1.0" encoding="UTF-8"?>
<!-- Generated by org.testng.reporters.JUnitReportReporter -->
<testsuite hostname="DESKTOP-I3BGM4H" failures="0" tests="1" name="TestNG.TNM12_Assertions" time="0.046" errors="0" timestamp="2024-04-22T01:31:39 IST" skipped="0">
  <testcase classname="TestNG.TNM12_Assertions" name="testAssertions" time="0.046"/>
  <system-out/>
</testsuite> <!-- TestNG.TNM12_Assertions -->
